<?xml version="1.0" encoding="UTF-8"?>
<!-- Generated by org.testng.reporters.JUnitReportReporter -->
<testsuite hostname="AdityaPoojith" failures="0" tests="1" name="magentoBaseClass_TestCase.TestCase" time="2.558" errors="0" timestamp="2024-06-04T11:00:42 IST" skipped="0">
  <testcase classname="magentoBaseClass_TestCase.TestCase" name="LoginTest" time="2.558"/>
</testsuite> <!-- magentoBaseClass_TestCase.TestCase -->
